[debug] [2025-10-03T17:46:27.121Z] ----------------------------------------------------------------------
[debug] [2025-10-03T17:46:27.135Z] Command:       C:\Program Files\nodejs\node.exe C:\Users\Anurag Vijay Kute\AppData\Roaming\npm\node_modules\firebase-tools\lib\bin\firebase.js init
[debug] [2025-10-03T17:46:27.137Z] CLI Version:   14.17.0
[debug] [2025-10-03T17:46:27.137Z] Platform:      win32
[debug] [2025-10-03T17:46:27.137Z] Node Version:  v20.9.0
[debug] [2025-10-03T17:46:27.138Z] Time:          Fri Oct 03 2025 23:16:27 GMT+0530 (India Standard Time)
[debug] [2025-10-03T17:46:27.138Z] ----------------------------------------------------------------------
[debug] 
[debug] [2025-10-03T17:46:27.152Z] > command requires scopes: ["email","openid","https://www.googleapis.com/auth/cloudplatformprojects.readonly","https://www.googleapis.com/auth/firebase","https://www.googleapis.com/auth/cloud-platform"]
[debug] [2025-10-03T17:46:27.154Z] > authorizing via signed-in user (doctorpatient1234@gmail.com)
[info] 
     ######## #### ########  ######## ########     ###     ######  ########
     ##        ##  ##     ## ##       ##     ##  ##   ##  ##       ##
     ######    ##  ########  ######   ########  #########  ######  ######
     ##        ##  ##    ##  ##       ##     ## ##     ##       ## ##
     ##       #### ##     ## ######## ########  ##     ##  ######  ########

You're about to initialize a Firebase project in this directory:

  F:\MY_PROJECT\DoctorPatient

[debug] [2025-10-03T17:46:37.707Z] ExitPromptError: User force closed the prompt with SIGINT
    at Interface.sigint (C:\Users\Anurag Vijay Kute\AppData\Roaming\npm\node_modules\firebase-tools\node_modules\@inquirer\core\dist\commonjs\lib\create-prompt.js:101:37)
    at Interface.emit (node:events:514:28)
    at Interface.emit (node:domain:488:12)
    at [_ttyWrite] [as _ttyWrite] (node:internal/readline/interface:1125:18)
    at ReadStream.onkeypress (node:internal/readline/interface:264:20)
    at ReadStream.emit (node:events:526:35)
    at ReadStream.emit (node:domain:488:12)
    at emitKeys (node:internal/readline/utils:371:14)
    at emitKeys.next (<anonymous>)
    at ReadStream.onData (node:internal/readline/emitKeypressEvents:64:36)
[error] 
[error] Error: An unexpected error has occurred.
